#
# There is insufficient memory for the Java Runtime Environment to continue.
# Native memory allocation (malloc) failed to allocate 1193136 bytes for Chunk::new
# Possible reasons:
#   The system is out of physical RAM or swap space
#   The process is running with CompressedOops enabled, and the Java Heap may be blocking the growth of the native heap
# Possible solutions:
#   Reduce memory load on the system
#   Increase physical memory or swap space
#   Check if swap backing store is full
#   Decrease Java heap size (-Xmx/-Xms)
#   Decrease number of Java threads
#   Decrease Java thread stack sizes (-Xss)
#   Set larger code cache with -XX:ReservedCodeCacheSize=
#   JVM is running with Unscaled Compressed Oops mode in which the Java heap is
#     placed in the first 4GB address space. The Java Heap base address is the
#     maximum limit for the native heap growth. Please use -XX:HeapBaseMinAddress
#     to set the Java Heap base and to place the Java Heap above 4GB virtual address.
# This output file may be truncated or incomplete.
#
#  Out of Memory Error (allocation.cpp:389), pid=16220, tid=0x0000000000003b6c
#
# JRE version: OpenJDK Runtime Environment (8.0_412-b08) (build 1.8.0_412-b08)
# Java VM: OpenJDK 64-Bit Server VM (25.412-b08 mixed mode windows-amd64 compressed oops)
# Failed to write core dump. Minidumps are not enabled by default on client versions of Windows
#

---------------  T H R E A D  ---------------

Current thread (0x00000127fc6bf000):  JavaThread "C2 CompilerThread1" daemon [_thread_in_native, id=15212, stack(0x00000007bae00000,0x00000007baf00000)]

Stack: [0x00000007bae00000,0x00000007baf00000]
[error occurred during error reporting (printing stack bounds), id 0xc0000005]

Native frames: (J=compiled Java code, j=interpreted, Vv=VM code, C=native code)


Current CompileTask:
C2:   3266 1572       4       java.net.URLClassLoader$1::run (5 bytes)


---------------  P R O C E S S  ---------------

Java Threads: ( => current thread )
  0x00000127fc722000 JavaThread "Service Thread" daemon [_thread_blocked, id=1520, stack(0x00000007bb000000,0x00000007bb100000)]
  0x00000127fc6c4000 JavaThread "C1 CompilerThread2" daemon [_thread_blocked, id=14632, stack(0x00000007baf00000,0x00000007bb000000)]
=>0x00000127fc6bf000 JavaThread "C2 CompilerThread1" daemon [_thread_in_native, id=15212, stack(0x00000007bae00000,0x00000007baf00000)]
  0x00000127fc6bd000 JavaThread "C2 CompilerThread0" daemon [_thread_in_native, id=13880, stack(0x00000007bad00000,0x00000007bae00000)]
  0x00000127fc6ba800 JavaThread "Monitor Ctrl-Break" daemon [_thread_in_native, id=1060, stack(0x00000007bac00000,0x00000007bad00000)]
  0x00000127fc62a000 JavaThread "Attach Listener" daemon [_thread_blocked, id=15448, stack(0x00000007bab00000,0x00000007bac00000)]
  0x00000127fc629000 JavaThread "Signal Dispatcher" daemon [_thread_blocked, id=15024, stack(0x00000007baa00000,0x00000007bab00000)]
  0x00000127f53ca800 JavaThread "Finalizer" daemon [_thread_blocked, id=15988, stack(0x00000007ba900000,0x00000007baa00000)]
  0x00000127fc606000 JavaThread "Reference Handler" daemon [_thread_blocked, id=7264, stack(0x00000007ba800000,0x00000007ba900000)]
  0x00000127f50c8000 JavaThread "main" [_thread_in_vm, id=14676, stack(0x00000007ba200000,0x00000007ba300000)]

Other Threads:
  0x00000127fc5e4000 VMThread [stack: 0x00000007ba700000,0x00000007ba800000] [id=5988]
  0x00000127fd225800 WatcherThread [stack: 0x00000007bb100000,0x00000007bb200000] [id=14428]

VM state:not at safepoint (normal execution)

VM Mutex/Monitor currently owned by a thread: None

heap address: 0x0000000085800000, size: 1960 MB, Compressed Oops mode: 32-bit
Narrow klass base: 0x0000000000000000, Narrow klass shift: 3
Compressed class space size: 1073741824 Address: 0x0000000100000000

Heap:
 PSYoungGen      total 36864K, used 12126K [0x00000000d7300000, 0x00000000dbb00000, 0x0000000100000000)
  eden space 31744K, 22% used [0x00000000d7300000,0x00000000d79dbdd0,0x00000000d9200000)
  from space 5120K, 99% used [0x00000000d9200000,0x00000000d96fba70,0x00000000d9700000)
  to   space 5120K, 0% used [0x00000000db600000,0x00000000db600000,0x00000000dbb00000)
 ParOldGen       total 84992K, used 3038K [0x0000000085800000, 0x000000008ab00000, 0x00000000d7300000)
  object space 84992K, 3% used [0x0000000085800000,0x0000000085af78f8,0x000000008ab00000)
 Metaspace       used 16024K, capacity 16466K, committed 16512K, reserved 1062912K
  class space    used 1986K, capacity 2142K, committed 2176K, reserved 1048576K

Card table byte_map: [0x00000127f6f50000,0x00000127f7330000] byte_map_base: 0x00000127f6b24000

Marking Bits: (ParMarkBitMap*) 0x0000000070b33810
 Begin Bits: [0x00000127f75c0000, 0x00000127f9460000)
 End Bits:   [0x00000127f9460000, 0x00000127fb300000)

Polling page: 0x00000127f5270000

CodeCache: size=245760Kb used=6016Kb max_used=6016Kb free=239743Kb
 bounds [0x0000012780000000, 0x00000127805f0000, 0x000001278f000000]
 total_blobs=2054 nmethods=1676 adapters=289
 compilation: enabled

Compilation events (10 events):
Event: 3.253 Thread 0x00000127fc6c4000 1676       3       java.util.Collection::stream (11 bytes)
Event: 3.254 Thread 0x00000127fc6c4000 nmethod 1676 0x00000127805e0250 code [0x00000127805e0400, 0x00000127805e0980]
Event: 3.259 Thread 0x00000127fc6c4000 1677       3       com.google.inject.spi.InjectionPoint::<init> (67 bytes)
Event: 3.260 Thread 0x00000127fc6c4000 nmethod 1677 0x00000127805e0c50 code [0x00000127805e0e80, 0x00000127805e1a80]
Event: 3.260 Thread 0x00000127fc6c4000 1678       3       java.util.ArrayList::spliterator (12 bytes)
Event: 3.260 Thread 0x00000127fc6c4000 nmethod 1678 0x00000127805e2090 code [0x00000127805e2200, 0x00000127805e2498]
Event: 3.260 Thread 0x00000127fc6c4000 1679       3       com.google.inject.spi.InjectionPoint$$Lambda$39/1101048445::get$Lambda (9 bytes)
Event: 3.260 Thread 0x00000127fc6c4000 nmethod 1679 0x00000127805e2590 code [0x00000127805e2700, 0x00000127805e2958]
Event: 3.260 Thread 0x00000127fc6c4000 1680       3       java.util.stream.ReferencePipeline::forEach (11 bytes)
Event: 3.261 Thread 0x00000127fc6c4000 nmethod 1680 0x00000127805e2a50 code [0x00000127805e2c00, 0x00000127805e3160]

GC Heap History (6 events):
Event: 1.486 GC heap before
{Heap before GC invocations=1 (full 0):
 PSYoungGen      total 36864K, used 31744K [0x00000000d7300000, 0x00000000d9c00000, 0x0000000100000000)
  eden space 31744K, 100% used [0x00000000d7300000,0x00000000d9200000,0x00000000d9200000)
  from space 5120K, 0% used [0x00000000d9700000,0x00000000d9700000,0x00000000d9c00000)
  to   space 5120K, 0% used [0x00000000d9200000,0x00000000d9200000,0x00000000d9700000)
 ParOldGen       total 84992K, used 0K [0x0000000085800000, 0x000000008ab00000, 0x00000000d7300000)
  object space 84992K, 0% used [0x0000000085800000,0x0000000085800000,0x000000008ab00000)
 Metaspace       used 10270K, capacity 10578K, committed 10880K, reserved 1058816K
  class space    used 1236K, capacity 1359K, committed 1408K, reserved 1048576K
Event: 1.498 GC heap after
Heap after GC invocations=1 (full 0):
 PSYoungGen      total 36864K, used 5100K [0x00000000d7300000, 0x00000000d9c00000, 0x0000000100000000)
  eden space 31744K, 0% used [0x00000000d7300000,0x00000000d7300000,0x00000000d9200000)
  from space 5120K, 99% used [0x00000000d9200000,0x00000000d96fb220,0x00000000d9700000)
  to   space 5120K, 0% used [0x00000000d9700000,0x00000000d9700000,0x00000000d9c00000)
 ParOldGen       total 84992K, used 86K [0x0000000085800000, 0x000000008ab00000, 0x00000000d7300000)
  object space 84992K, 0% used [0x0000000085800000,0x0000000085815a78,0x000000008ab00000)
 Metaspace       used 10270K, capacity 10578K, committed 10880K, reserved 1058816K
  class space    used 1236K, capacity 1359K, committed 1408K, reserved 1048576K
}
Event: 2.099 GC heap before
{Heap before GC invocations=2 (full 0):
 PSYoungGen      total 36864K, used 36844K [0x00000000d7300000, 0x00000000d9c00000, 0x0000000100000000)
  eden space 31744K, 100% used [0x00000000d7300000,0x00000000d9200000,0x00000000d9200000)
  from space 5120K, 99% used [0x00000000d9200000,0x00000000d96fb220,0x00000000d9700000)
  to   space 5120K, 0% used [0x00000000d9700000,0x00000000d9700000,0x00000000d9c00000)
 ParOldGen       total 84992K, used 86K [0x0000000085800000, 0x000000008ab00000, 0x00000000d7300000)
  object space 84992K, 0% used [0x0000000085800000,0x0000000085815a78,0x000000008ab00000)
 Metaspace       used 11994K, capacity 12344K, committed 12416K, reserved 1060864K
  class space    used 1460K, capacity 1595K, committed 1664K, reserved 1048576K
Event: 2.113 GC heap after
Heap after GC invocations=2 (full 0):
 PSYoungGen      total 36864K, used 5113K [0x00000000d7300000, 0x00000000dbb00000, 0x0000000100000000)
  eden space 31744K, 0% used [0x00000000d7300000,0x00000000d7300000,0x00000000d9200000)
  from space 5120K, 99% used [0x00000000d9700000,0x00000000d9bfe5e0,0x00000000d9c00000)
  to   space 5120K, 0% used [0x00000000d9200000,0x00000000d9200000,0x00000000d9700000)
 ParOldGen       total 84992K, used 714K [0x0000000085800000, 0x000000008ab00000, 0x00000000d7300000)
  object space 84992K, 0% used [0x0000000085800000,0x00000000858b2b60,0x000000008ab00000)
 Metaspace       used 11994K, capacity 12344K, committed 12416K, reserved 1060864K
  class space    used 1460K, capacity 1595K, committed 1664K, reserved 1048576K
}
Event: 2.910 GC heap before
{Heap before GC invocations=3 (full 0):
 PSYoungGen      total 36864K, used 36857K [0x00000000d7300000, 0x00000000dbb00000, 0x0000000100000000)
  eden space 31744K, 100% used [0x00000000d7300000,0x00000000d9200000,0x00000000d9200000)
  from space 5120K, 99% used [0x00000000d9700000,0x00000000d9bfe5e0,0x00000000d9c00000)
  to   space 5120K, 0% used [0x00000000d9200000,0x00000000d9200000,0x00000000d9700000)
 ParOldGen       total 84992K, used 714K [0x0000000085800000, 0x000000008ab00000, 0x00000000d7300000)
  object space 84992K, 0% used [0x0000000085800000,0x00000000858b2b60,0x000000008ab00000)
 Metaspace       used 15140K, capacity 15594K, committed 15616K, reserved 1062912K
  class space    used 1877K, capacity 2026K, committed 2048K, reserved 1048576K
Event: 2.917 GC heap after
Heap after GC invocations=3 (full 0):
 PSYoungGen      total 36864K, used 5102K [0x00000000d7300000, 0x00000000dbb00000, 0x0000000100000000)
  eden space 31744K, 0% used [0x00000000d7300000,0x00000000d7300000,0x00000000d9200000)
  from space 5120K, 99% used [0x00000000d9200000,0x00000000d96fba70,0x00000000d9700000)
  to   space 5120K, 0% used [0x00000000db600000,0x00000000db600000,0x00000000dbb00000)
 ParOldGen       total 84992K, used 3038K [0x0000000085800000, 0x000000008ab00000, 0x00000000d7300000)
  object space 84992K, 3% used [0x0000000085800000,0x0000000085af78f8,0x000000008ab00000)
 Metaspace       used 15140K, capacity 15594K, committed 15616K, reserved 1062912K
  class space    used 1877K, capacity 2026K, committed 2048K, reserved 1048576K
}

Deoptimization events (10 events):
Event: 1.794 Thread 0x00000127f50c8000 Uncommon trap: reason=unstable_if action=reinterpret pc=0x000001278031ce08 method=java.util.HashMap.getNode(ILjava/lang/Object;)Ljava/util/HashMap$Node; @ 129
Event: 1.831 Thread 0x00000127f50c8000 Uncommon trap: reason=unstable_if action=reinterpret pc=0x00000127802a04d8 method=sun.misc.MetaIndex.mayContain(Ljava/lang/String;)Z @ 38
Event: 2.329 Thread 0x00000127f50c8000 Uncommon trap: reason=unstable_if action=reinterpret pc=0x00000127803e37f4 method=java.lang.String.lastIndexOf([CII[CIII)I @ 118
Event: 2.813 Thread 0x00000127f50c8000 Uncommon trap: reason=array_check action=maybe_recompile pc=0x000001278055340c method=java.util.stream.Nodes$FixedNodeBuilder.accept(Ljava/lang/Object;)V @ 28
Event: 2.813 Thread 0x00000127f50c8000 Uncommon trap: reason=array_check action=maybe_recompile pc=0x000001278055340c method=java.util.stream.Nodes$FixedNodeBuilder.accept(Ljava/lang/Object;)V @ 28
Event: 2.814 Thread 0x00000127f50c8000 Uncommon trap: reason=array_check action=maybe_recompile pc=0x000001278055340c method=java.util.stream.Nodes$FixedNodeBuilder.accept(Ljava/lang/Object;)V @ 28
Event: 2.814 Thread 0x00000127f50c8000 Uncommon trap: reason=array_check action=maybe_recompile pc=0x000001278055340c method=java.util.stream.Nodes$FixedNodeBuilder.accept(Ljava/lang/Object;)V @ 28
Event: 3.002 Thread 0x00000127f50c8000 Uncommon trap: reason=unstable_if action=reinterpret pc=0x0000012780376894 method=java.lang.ClassLoader.checkName(Ljava/lang/String;)Z @ 1
Event: 3.028 Thread 0x00000127f50c8000 Uncommon trap: reason=class_check action=maybe_recompile pc=0x00000127803e7cac method=java.util.HashMap.putVal(ILjava/lang/Object;Ljava/lang/Object;ZZ)Ljava/lang/Object; @ 203
Event: 3.029 Thread 0x00000127f50c8000 Uncommon trap: reason=class_check action=maybe_recompile pc=0x00000127803e7cac method=java.util.HashMap.putVal(ILjava/lang/Object;Ljava/lang/Object;ZZ)Ljava/lang/Object; @ 203

Classes redefined (0 events):
No events

Internal exceptions (10 events):
Event: 0.793 Thread 0x00000127f50c8000 Exception <a 'sun/nio/fs/WindowsException'> (0x00000000d7c3c620) thrown at [C:\wsjdk\Corretto8Src\installers\windows\zip\corretto-build\buildRoot\hotspot\src\share\vm\prims\jni.cpp, line 712]
Event: 0.793 Thread 0x00000127f50c8000 Exception <a 'sun/nio/fs/WindowsException'> (0x00000000d7c3d568) thrown at [C:\wsjdk\Corretto8Src\installers\windows\zip\corretto-build\buildRoot\hotspot\src\share\vm\prims\jni.cpp, line 712]
Event: 0.794 Thread 0x00000127f50c8000 Exception <a 'sun/nio/fs/WindowsException'> (0x00000000d7c3db50) thrown at [C:\wsjdk\Corretto8Src\installers\windows\zip\corretto-build\buildRoot\hotspot\src\share\vm\prims\jni.cpp, line 712]
Event: 0.971 Thread 0x00000127f50c8000 Exception <a 'java/lang/NoSuchMethodError': java.lang.Object.lambda$identity$2(Ljava/lang/Object;)Ljava/lang/Object;> (0x00000000d80849e0) thrown at [C:\wsjdk\Corretto8Src\installers\windows\zip\corretto-build\buildRoot\hotspot\src\share\vm\interpreter\li
Event: 0.982 Thread 0x00000127f50c8000 Exception <a 'java/lang/NoSuchMethodError': java.lang.Object.lambda$andThen$1(Ljava/util/function/Function;Ljava/lang/Object;)Ljava/lang/Object;> (0x00000000d80ba318) thrown at [C:\wsjdk\Corretto8Src\installers\windows\zip\corretto-build\buildRoot\hotspot
Event: 1.385 Thread 0x00000127f50c8000 Exception <a 'java/lang/NoSuchMethodError': java.lang.Object.lambda$comparing$77a9974f$1(Ljava/util/function/Function;Ljava/lang/Object;Ljava/lang/Object;)I> (0x00000000d8de4c38) thrown at [C:\wsjdk\Corretto8Src\installers\windows\zip\corretto-build\build
Event: 1.388 Thread 0x00000127f50c8000 Exception <a 'java/lang/NoSuchMethodError': java.lang.Object.lambda$comparing$ea9a8b3a$1(Ljava/util/Comparator;Ljava/util/function/Function;Ljava/lang/Object;Ljava/lang/Object;)I> (0x00000000d8df6de8) thrown at [C:\wsjdk\Corretto8Src\installers\windows\zi
Event: 1.390 Thread 0x00000127f50c8000 Exception <a 'java/lang/NoSuchMethodError': java.lang.Object.lambda$thenComparing$36697e65$1(Ljava/util/Comparator;Ljava/lang/Object;Ljava/lang/Object;)I> (0x00000000d8dff148) thrown at [C:\wsjdk\Corretto8Src\installers\windows\zip\corretto-build\buildRoo
Event: 1.526 Thread 0x00000127f50c8000 Exception <a 'java/lang/NoClassDefFoundError': javax/enterprise/inject/Typed> (0x00000000d74141e8) thrown at [C:\wsjdk\Corretto8Src\installers\windows\zip\corretto-build\buildRoot\hotspot\src\share\vm\classfile\systemDictionary.cpp, line 206]
Event: 3.002 Thread 0x00000127f50c8000 Implicit null exception at 0x00000127803766cc to 0x0000012780376885

Events (10 events):
Event: 3.228 loading class org/apache/maven/session/scope/internal/SessionScope
Event: 3.228 loading class org/apache/maven/session/scope/internal/SessionScope done
Event: 3.245 loading class com/google/inject/internal/BindingImpl
Event: 3.245 loading class com/google/inject/internal/BindingImpl done
Event: 3.245 loading class com/google/inject/internal/AbstractBindingProcessor$Processor
Event: 3.245 loading class com/google/inject/internal/AbstractBindingProcessor$Processor done
Event: 3.251 loading class com/google/inject/internal/UntargettedBindingProcessor
Event: 3.251 loading class com/google/inject/internal/UntargettedBindingProcessor done
Event: 3.252 loading class com/google/inject/internal/UntargettedBindingProcessor$1
Event: 3.252 loading class com/google/inject/internal/UntargettedBindingProcessor$1 done


Dynamic libraries:
0x00007ff72a290000 - 0x00007ff72a2d6000 	C:\Users\HP\.jdks\corretto-1.8.0_412\bin\java.exe
0x00007fff14cf0000 - 0x00007fff14f07000 	C:\windows\SYSTEM32\ntdll.dll
0x00007fff13b10000 - 0x00007fff13bd4000 	C:\windows\System32\KERNEL32.DLL
0x00007fff123f0000 - 0x00007fff1279d000 	C:\windows\System32\KERNELBASE.dll
0x00007fff14030000 - 0x00007fff140e2000 	C:\windows\System32\ADVAPI32.dll
0x00007fff14980000 - 0x00007fff14a27000 	C:\windows\System32\msvcrt.dll
0x00007fff13620000 - 0x00007fff136c9000 	C:\windows\System32\sechost.dll
0x00007fff12020000 - 0x00007fff12048000 	C:\windows\System32\bcrypt.dll
0x00007fff138d0000 - 0x00007fff139e4000 	C:\windows\System32\RPCRT4.dll
0x00007fff13c40000 - 0x00007fff13dee000 	C:\windows\System32\USER32.dll
0x00007fff127a0000 - 0x00007fff127c6000 	C:\windows\System32\win32u.dll
0x00007fff14000000 - 0x00007fff14029000 	C:\windows\System32\GDI32.dll
0x00007fff12160000 - 0x00007fff12279000 	C:\windows\System32\gdi32full.dll
0x00007fff120c0000 - 0x00007fff1215a000 	C:\windows\System32\msvcp_win.dll
0x00007fff127d0000 - 0x00007fff128e1000 	C:\windows\System32\ucrtbase.dll
0x00007ffef9220000 - 0x00007ffef94b3000 	C:\windows\WinSxS\amd64_microsoft.windows.common-controls_6595b64144ccf1df_6.0.22621.3672_none_2713b9d173822955\COMCTL32.dll
0x00007fff136d0000 - 0x00007fff13701000 	C:\windows\System32\IMM32.DLL
0x00007ffef1d90000 - 0x00007ffef1da5000 	C:\Users\HP\.jdks\corretto-1.8.0_412\jre\bin\vcruntime140.dll
0x00007ffee3bf0000 - 0x00007ffee3c8b000 	C:\Users\HP\.jdks\corretto-1.8.0_412\jre\bin\msvcp140.dll
0x0000000070350000 - 0x0000000070bac000 	C:\Users\HP\.jdks\corretto-1.8.0_412\jre\bin\server\jvm.dll
0x00007fff140f0000 - 0x00007fff140f8000 	C:\windows\System32\PSAPI.DLL
0x00007fff0c4e0000 - 0x00007fff0c4e9000 	C:\windows\SYSTEM32\WSOCK32.dll
0x00007fff12b90000 - 0x00007fff12c01000 	C:\windows\System32\WS2_32.dll
0x00007fff08e60000 - 0x00007fff08e94000 	C:\windows\SYSTEM32\WINMM.dll
0x00007ffefda60000 - 0x00007ffefda6a000 	C:\windows\SYSTEM32\VERSION.dll
0x00007fff11030000 - 0x00007fff11048000 	C:\windows\SYSTEM32\kernel.appcore.dll
0x00007ffef1d80000 - 0x00007ffef1d90000 	C:\Users\HP\.jdks\corretto-1.8.0_412\jre\bin\verify.dll
0x00007ffef1d10000 - 0x00007ffef1d3b000 	C:\Users\HP\.jdks\corretto-1.8.0_412\jre\bin\java.dll
0x00007ffec2cf0000 - 0x00007ffec2d22000 	C:\Users\HP\.jdks\corretto-1.8.0_412\jre\bin\instrument.dll
0x00007ffef1d60000 - 0x00007ffef1d78000 	C:\Users\HP\.jdks\corretto-1.8.0_412\jre\bin\zip.dll
0x00007fff14100000 - 0x00007fff1495f000 	C:\windows\System32\SHELL32.dll
0x00007fff0ff20000 - 0x00007fff1081c000 	C:\windows\SYSTEM32\windows.storage.dll
0x00007fff12c10000 - 0x00007fff12f98000 	C:\windows\System32\combase.dll
0x00007fff0fde0000 - 0x00007fff0ff1f000 	C:\windows\SYSTEM32\wintypes.dll
0x00007fff13a10000 - 0x00007fff13b04000 	C:\windows\System32\SHCORE.dll
0x00007fff13be0000 - 0x00007fff13c3e000 	C:\windows\System32\shlwapi.dll
0x00007fff11f50000 - 0x00007fff11f71000 	C:\windows\SYSTEM32\profapi.dll
0x00007ffee3ad0000 - 0x00007ffee3aea000 	D:\Programs_XD\IntelliJ IDEA Community Edition 2024.1.4\bin\breakgen64.dll
0x00007ffef1cc0000 - 0x00007ffef1cdc000 	C:\Users\HP\.jdks\corretto-1.8.0_412\jre\bin\net.dll
0x00007fff114c0000 - 0x00007fff11529000 	C:\windows\system32\mswsock.dll
0x00007ffee3bd0000 - 0x00007ffee3be3000 	C:\Users\HP\.jdks\corretto-1.8.0_412\jre\bin\nio.dll
0x0000000069ac0000 - 0x0000000069ae4000 	C:\Users\HP\AppData\Local\Temp\jansi-2.4.0-7a03edb73af10b73-jansi.dll

VM Arguments:
jvm_args: -Dmaven.multiModuleProjectDirectory=D:\Minecraft Plugins\itemchat -Djansi.passthrough=true -Dmaven.home=D:\Programs_XD\IntelliJ IDEA Community Edition 2024.1.4\plugins\maven\lib\maven3 -Dclassworlds.conf=D:\Programs_XD\IntelliJ IDEA Community Edition 2024.1.4\plugins\maven\lib\maven3\bin\m2.conf -Dmaven.ext.class.path=D:\Programs_XD\IntelliJ IDEA Community Edition 2024.1.4\plugins\maven\lib\maven-event-listener.jar -javaagent:D:\Programs_XD\IntelliJ IDEA Community Edition 2024.1.4\lib\idea_rt.jar=49877:D:\Programs_XD\IntelliJ IDEA Community Edition 2024.1.4\bin -Dfile.encoding=UTF-8 
java_command: org.codehaus.classworlds.Launcher -Didea.version=2024.1.4 package
java_class_path (initial): D:\Programs_XD\IntelliJ IDEA Community Edition 2024.1.4\plugins\maven\lib\maven3\boot\plexus-classworlds-2.7.0.jar;D:\Programs_XD\IntelliJ IDEA Community Edition 2024.1.4\plugins\maven\lib\maven3\boot\plexus-classworlds.license;D:\Programs_XD\IntelliJ IDEA Community Edition 2024.1.4\lib\idea_rt.jar
Launcher Type: SUN_STANDARD

Environment Variables:
PATH=C:\Program Files (x86)\Common Files\Oracle\Java\javapath;C:\windows\system32;C:\windows;C:\windows\System32\Wbem;C:\windows\System32\WindowsPowerShell\v1.0\;C:\windows\System32\OpenSSH\;C:\Program Files\Git\cmd;C:\Users\HP\AppData\Local\Microsoft\WindowsApps;D:\Programs_XD\Microsoft VS Code\bin
USERNAME=HP
OS=Windows_NT
PROCESSOR_IDENTIFIER=Intel64 Family 6 Model 140 Stepping 1, GenuineIntel



---------------  S Y S T E M  ---------------

OS: Windows 11 , 64 bit Build 22621 (10.0.22621.3672)

CPU:total 4 (initial active 4) (2 cores per cpu, 2 threads per core) family 6 model 140 stepping 1, cmov, cx8, fxsr, mmx, sse, sse2, sse3, ssse3, sse4.1, sse4.2, popcnt, avx, avx2, aes, clmul, erms, 3dnowpref, lzcnt, ht, tsc, tscinvbit, bmi1, bmi2, adx

Memory: 4k page, physical 8022656k(511288k free), swap 21212156k(6164k free)

vm_info: OpenJDK 64-Bit Server VM (25.412-b08) for windows-amd64 JRE (1.8.0_412-b08), built on Apr 10 2024 19:24:07 by "Administrator" with MS VC++ 15.9 (VS2017)

time: Tue Jul  9 20:49:42 2024
timezone: India Standard Time
elapsed time: 3.274441 seconds (0d 0h 0m 3s)

